[1;31m2025-05-07 16:46:41.156379115 [E:onnxruntime:Default, provider_bridge_ort.cc:2036 TryGetProviderInfo_CUDA] /onnxruntime_src/onnxruntime/core/session/provider_bridge_ort.cc:1695 onnxruntime::Provider& onnxruntime::ProviderLibrary::Get() [ONNXRuntimeError] : 1 : FAIL : Failed to load library libonnxruntime_providers_cuda.so with error: libcublasLt.so.12: cannot open shared object file: No such file or directory
[m
[1;31m2025-05-07 16:46:47.416920072 [E:onnxruntime:Default, provider_bridge_ort.cc:2036 TryGetProviderInfo_CUDA] /onnxruntime_src/onnxruntime/core/session/provider_bridge_ort.cc:1695 onnxruntime::Provider& onnxruntime::ProviderLibrary::Get() [ONNXRuntimeError] : 1 : FAIL : Failed to load library libonnxruntime_providers_cuda.so with error: libcublasLt.so.12: cannot open shared object file: No such file or directory
[m
[1;31m2025-05-07 16:46:47.943466366 [E:onnxruntime:Default, provider_bridge_ort.cc:2036 TryGetProviderInfo_CUDA] /onnxruntime_src/onnxruntime/core/session/provider_bridge_ort.cc:1695 onnxruntime::Provider& onnxruntime::ProviderLibrary::Get() [ONNXRuntimeError] : 1 : FAIL : Failed to load library libonnxruntime_providers_cuda.so with error: libcublasLt.so.12: cannot open shared object file: No such file or directory
[m
[1;31m2025-05-07 16:46:48.149158523 [E:onnxruntime:Default, provider_bridge_ort.cc:2036 TryGetProviderInfo_CUDA] /onnxruntime_src/onnxruntime/core/session/provider_bridge_ort.cc:1695 onnxruntime::Provider& onnxruntime::ProviderLibrary::Get() [ONNXRuntimeError] : 1 : FAIL : Failed to load library libonnxruntime_providers_cuda.so with error: libcublasLt.so.12: cannot open shared object file: No such file or directory
[m
[1;31m2025-05-07 16:46:48.771791266 [E:onnxruntime:Default, provider_bridge_ort.cc:2036 TryGetProviderInfo_CUDA] /onnxruntime_src/onnxruntime/core/session/provider_bridge_ort.cc:1695 onnxruntime::Provider& onnxruntime::ProviderLibrary::Get() [ONNXRuntimeError] : 1 : FAIL : Failed to load library libonnxruntime_providers_cuda.so with error: libcublasLt.so.12: cannot open shared object file: No such file or directory
[m
Applied providers: ['CPUExecutionProvider'], with options: {'CPUExecutionProvider': {}}
model ignore: /home/khouloud/.insightface/models/buffalo_l/1k3d68.onnx landmark_3d_68
Applied providers: ['CPUExecutionProvider'], with options: {'CPUExecutionProvider': {}}
find model: /home/khouloud/.insightface/models/buffalo_l/2d106det.onnx landmark_2d_106 ['None', 3, 192, 192] 0.0 1.0
Applied providers: ['CPUExecutionProvider'], with options: {'CPUExecutionProvider': {}}
find model: /home/khouloud/.insightface/models/buffalo_l/det_10g.onnx detection [1, 3, '?', '?'] 127.5 128.0
Applied providers: ['CPUExecutionProvider'], with options: {'CPUExecutionProvider': {}}
model ignore: /home/khouloud/.insightface/models/buffalo_l/genderage.onnx genderage
Applied providers: ['CPUExecutionProvider'], with options: {'CPUExecutionProvider': {}}
model ignore: /home/khouloud/.insightface/models/buffalo_l/w600k_r50.onnx recognition
set det-size: (640, 640)
✓ Face detection model loaded successfully
Face swapping model not found at /home/khouloud/Documents/all personnel  projects/Real-Time-Face-Swap-project/backend/models/inswapper_128.onnx
The API will still work, but face swapping features will be disabled
To enable face swapping, download inswapper_128.onnx and place it in the models directory
 
 -------------- celery@khouloud v5.3.6 (emerald-rush)
--- ***** ----- 
-- ******* ---- Linux-6.11.0-25-generic-x86_64-with-glibc2.39 2025-05-07 16:47:03
- *** --- * --- 
- ** ---------- [config]
- ** ---------- .> app:         tasks:0x7ac10d938380
- ** ---------- .> transport:   redis://localhost:6379/0
- ** ---------- .> results:     redis://localhost:6379/0
- *** --- * --- .> concurrency: 8 (prefork)
-- ******* ---- .> task events: OFF (enable -E to monitor tasks in this worker)
--- ***** ----- 
 -------------- [queues]
                .> celery           exchange=celery(direct) key=celery
                

[tasks]
  . app.utils.celery_tasks.cleanup_old_files
  . app.utils.celery_tasks.process_video_deepfake

[2025-05-07 16:47:05,907: WARNING/MainProcess] /home/khouloud/Documents/all personnel  projects/Real-Time-Face-Swap-project/backend/venv/lib/python3.12/site-packages/celery/worker/consumer/consumer.py:507: CPendingDeprecationWarning: The broker_connection_retry configuration setting will no longer determine
whether broker connection retries are made during startup in Celery 6.0 and above.
If you wish to retain the existing behavior for retrying connections on startup,
you should set broker_connection_retry_on_startup to True.
  warnings.warn(

[2025-05-07 16:47:06,441: INFO/MainProcess] Connected to redis://localhost:6379/0
[2025-05-07 16:47:06,442: WARNING/MainProcess] /home/khouloud/Documents/all personnel  projects/Real-Time-Face-Swap-project/backend/venv/lib/python3.12/site-packages/celery/worker/consumer/consumer.py:507: CPendingDeprecationWarning: The broker_connection_retry configuration setting will no longer determine
whether broker connection retries are made during startup in Celery 6.0 and above.
If you wish to retain the existing behavior for retrying connections on startup,
you should set broker_connection_retry_on_startup to True.
  warnings.warn(

[2025-05-07 16:47:06,445: INFO/MainProcess] mingle: searching for neighbors
[2025-05-07 16:47:08,131: INFO/MainProcess] mingle: all alone
[2025-05-07 16:47:08,203: INFO/MainProcess] celery@khouloud ready.
