INFO:     Will watch for changes in these directories: ['/home/khouloud/Documents/all personnel  projects/Real-Time-Face-Swap-project/backend']
WARNING:  "workers" flag is ignored when reloading is enabled.
INFO:     Uvicorn running on http://0.0.0.0:8000 (Press CTRL+C to quit)
INFO:     Started reloader process [64117] using StatReload
[1;31m2025-05-07 16:46:47.935453350 [E:onnxruntime:Default, provider_bridge_ort.cc:2036 TryGetProviderInfo_CUDA] /onnxruntime_src/onnxruntime/core/session/provider_bridge_ort.cc:1695 onnxruntime::Provider& onnxruntime::ProviderLibrary::Get() [ONNXRuntimeError] : 1 : FAIL : Failed to load library libonnxruntime_providers_cuda.so with error: libcublasLt.so.12: cannot open shared object file: No such file or directory
[m
[1;31m2025-05-07 16:47:01.614461727 [E:onnxruntime:Default, provider_bridge_ort.cc:2036 TryGetProviderInfo_CUDA] /onnxruntime_src/onnxruntime/core/session/provider_bridge_ort.cc:1695 onnxruntime::Provider& onnxruntime::ProviderLibrary::Get() [ONNXRuntimeError] : 1 : FAIL : Failed to load library libonnxruntime_providers_cuda.so with error: libcublasLt.so.12: cannot open shared object file: No such file or directory
[m
[1;31m2025-05-07 16:47:01.750508626 [E:onnxruntime:Default, provider_bridge_ort.cc:2036 TryGetProviderInfo_CUDA] /onnxruntime_src/onnxruntime/core/session/provider_bridge_ort.cc:1695 onnxruntime::Provider& onnxruntime::ProviderLibrary::Get() [ONNXRuntimeError] : 1 : FAIL : Failed to load library libonnxruntime_providers_cuda.so with error: libcublasLt.so.12: cannot open shared object file: No such file or directory
[m
[1;31m2025-05-07 16:47:01.823930744 [E:onnxruntime:Default, provider_bridge_ort.cc:2036 TryGetProviderInfo_CUDA] /onnxruntime_src/onnxruntime/core/session/provider_bridge_ort.cc:1695 onnxruntime::Provider& onnxruntime::ProviderLibrary::Get() [ONNXRuntimeError] : 1 : FAIL : Failed to load library libonnxruntime_providers_cuda.so with error: libcublasLt.so.12: cannot open shared object file: No such file or directory
[m
[1;31m2025-05-07 16:47:02.292779769 [E:onnxruntime:Default, provider_bridge_ort.cc:2036 TryGetProviderInfo_CUDA] /onnxruntime_src/onnxruntime/core/session/provider_bridge_ort.cc:1695 onnxruntime::Provider& onnxruntime::ProviderLibrary::Get() [ONNXRuntimeError] : 1 : FAIL : Failed to load library libonnxruntime_providers_cuda.so with error: libcublasLt.so.12: cannot open shared object file: No such file or directory
[m
Process SpawnProcess-1:
Traceback (most recent call last):
  File "/usr/lib/python3.12/multiprocessing/process.py", line 314, in _bootstrap
    self.run()
  File "/usr/lib/python3.12/multiprocessing/process.py", line 108, in run
    self._target(*self._args, **self._kwargs)
  File "/home/khouloud/Documents/all personnel  projects/Real-Time-Face-Swap-project/backend/venv/lib/python3.12/site-packages/uvicorn/_subprocess.py", line 78, in subprocess_started
    target(sockets=sockets)
  File "/home/khouloud/Documents/all personnel  projects/Real-Time-Face-Swap-project/backend/venv/lib/python3.12/site-packages/uvicorn/server.py", line 62, in run
    return asyncio.run(self.serve(sockets=sockets))
           ^^^^^^^^^^^^^^^^^^^^^^^^^^^^^^^^^^^^^^^^
  File "/usr/lib/python3.12/asyncio/runners.py", line 194, in run
    return runner.run(main)
           ^^^^^^^^^^^^^^^^
  File "/usr/lib/python3.12/asyncio/runners.py", line 118, in run
    return self._loop.run_until_complete(task)
           ^^^^^^^^^^^^^^^^^^^^^^^^^^^^^^^^^^^
  File "/usr/lib/python3.12/asyncio/base_events.py", line 687, in run_until_complete
    return future.result()
           ^^^^^^^^^^^^^^^
  File "/home/khouloud/Documents/all personnel  projects/Real-Time-Face-Swap-project/backend/venv/lib/python3.12/site-packages/uvicorn/server.py", line 69, in serve
    config.load()
  File "/home/khouloud/Documents/all personnel  projects/Real-Time-Face-Swap-project/backend/venv/lib/python3.12/site-packages/uvicorn/config.py", line 458, in load
    self.loaded_app = import_from_string(self.app)
                      ^^^^^^^^^^^^^^^^^^^^^^^^^^^^
  File "/home/khouloud/Documents/all personnel  projects/Real-Time-Face-Swap-project/backend/venv/lib/python3.12/site-packages/uvicorn/importer.py", line 21, in import_from_string
    module = importlib.import_module(module_str)
             ^^^^^^^^^^^^^^^^^^^^^^^^^^^^^^^^^^^
  File "/usr/lib/python3.12/importlib/__init__.py", line 90, in import_module
    return _bootstrap._gcd_import(name[level:], package, level)
           ^^^^^^^^^^^^^^^^^^^^^^^^^^^^^^^^^^^^^^^^^^^^^^^^^^^^
  File "<frozen importlib._bootstrap>", line 1387, in _gcd_import
  File "<frozen importlib._bootstrap>", line 1360, in _find_and_load
  File "<frozen importlib._bootstrap>", line 1331, in _find_and_load_unlocked
  File "<frozen importlib._bootstrap>", line 935, in _load_unlocked
  File "<frozen importlib._bootstrap_external>", line 995, in exec_module
  File "<frozen importlib._bootstrap>", line 488, in _call_with_frames_removed
  File "/home/khouloud/Documents/all personnel  projects/Real-Time-Face-Swap-project/backend/app/main.py", line 8, in <module>
    from .routes.auth import auth_router, user_router
  File "/home/khouloud/Documents/all personnel  projects/Real-Time-Face-Swap-project/backend/app/routes/auth/__init__.py", line 2, in <module>
    from .user_router import router as user_router, get_current_user
  File "/home/khouloud/Documents/all personnel  projects/Real-Time-Face-Swap-project/backend/app/routes/auth/user_router.py", line 5, in <module>
    from ...models.users import UserResponse, UserProfileUpdate
ImportError: cannot import name 'UserProfileUpdate' from 'app.models.users' (/home/khouloud/Documents/all personnel  projects/Real-Time-Face-Swap-project/backend/app/models/users/__init__.py)
Applied providers: ['CPUExecutionProvider'], with options: {'CPUExecutionProvider': {}}
model ignore: /home/khouloud/.insightface/models/buffalo_l/1k3d68.onnx landmark_3d_68
Applied providers: ['CPUExecutionProvider'], with options: {'CPUExecutionProvider': {}}
find model: /home/khouloud/.insightface/models/buffalo_l/2d106det.onnx landmark_2d_106 ['None', 3, 192, 192] 0.0 1.0
Applied providers: ['CPUExecutionProvider'], with options: {'CPUExecutionProvider': {}}
find model: /home/khouloud/.insightface/models/buffalo_l/det_10g.onnx detection [1, 3, '?', '?'] 127.5 128.0
Applied providers: ['CPUExecutionProvider'], with options: {'CPUExecutionProvider': {}}
model ignore: /home/khouloud/.insightface/models/buffalo_l/genderage.onnx genderage
Applied providers: ['CPUExecutionProvider'], with options: {'CPUExecutionProvider': {}}
model ignore: /home/khouloud/.insightface/models/buffalo_l/w600k_r50.onnx recognition
set det-size: (640, 640)
✓ Face detection model loaded successfully
Face swapping model not found at /home/khouloud/Documents/all personnel  projects/Real-Time-Face-Swap-project/backend/models/inswapper_128.onnx
The API will still work, but face swapping features will be disabled
To enable face swapping, download inswapper_128.onnx and place it in the models directory
WARNING:  StatReload detected changes in 'app/models/users/__init__.py'. Reloading...
[1;31m2025-05-07 17:47:27.258236279 [E:onnxruntime:Default, provider_bridge_ort.cc:2036 TryGetProviderInfo_CUDA] /onnxruntime_src/onnxruntime/core/session/provider_bridge_ort.cc:1695 onnxruntime::Provider& onnxruntime::ProviderLibrary::Get() [ONNXRuntimeError] : 1 : FAIL : Failed to load library libonnxruntime_providers_cuda.so with error: libcublasLt.so.12: cannot open shared object file: No such file or directory
[m
[1;31m2025-05-07 17:47:39.841583257 [E:onnxruntime:Default, provider_bridge_ort.cc:2036 TryGetProviderInfo_CUDA] /onnxruntime_src/onnxruntime/core/session/provider_bridge_ort.cc:1695 onnxruntime::Provider& onnxruntime::ProviderLibrary::Get() [ONNXRuntimeError] : 1 : FAIL : Failed to load library libonnxruntime_providers_cuda.so with error: libcublasLt.so.12: cannot open shared object file: No such file or directory
[m
[1;31m2025-05-07 17:47:41.019303759 [E:onnxruntime:Default, provider_bridge_ort.cc:2036 TryGetProviderInfo_CUDA] /onnxruntime_src/onnxruntime/core/session/provider_bridge_ort.cc:1695 onnxruntime::Provider& onnxruntime::ProviderLibrary::Get() [ONNXRuntimeError] : 1 : FAIL : Failed to load library libonnxruntime_providers_cuda.so with error: libcublasLt.so.12: cannot open shared object file: No such file or directory
[m
[1;31m2025-05-07 17:47:41.283090155 [E:onnxruntime:Default, provider_bridge_ort.cc:2036 TryGetProviderInfo_CUDA] /onnxruntime_src/onnxruntime/core/session/provider_bridge_ort.cc:1695 onnxruntime::Provider& onnxruntime::ProviderLibrary::Get() [ONNXRuntimeError] : 1 : FAIL : Failed to load library libonnxruntime_providers_cuda.so with error: libcublasLt.so.12: cannot open shared object file: No such file or directory
[m
[1;31m2025-05-07 17:47:46.647578335 [E:onnxruntime:Default, provider_bridge_ort.cc:2036 TryGetProviderInfo_CUDA] /onnxruntime_src/onnxruntime/core/session/provider_bridge_ort.cc:1695 onnxruntime::Provider& onnxruntime::ProviderLibrary::Get() [ONNXRuntimeError] : 1 : FAIL : Failed to load library libonnxruntime_providers_cuda.so with error: libcublasLt.so.12: cannot open shared object file: No such file or directory
[m
WARNING:  StatReload detected changes in 'app/config.py'. Reloading...
INFO:     Started server process [68223]
INFO:     Waiting for application startup.
INFO:     Application startup complete.
ERROR:    Traceback (most recent call last):
  File "/usr/lib/python3.12/asyncio/runners.py", line 194, in run
    return runner.run(main)
           ^^^^^^^^^^^^^^^^
  File "/usr/lib/python3.12/asyncio/runners.py", line 118, in run
    return self._loop.run_until_complete(task)
           ^^^^^^^^^^^^^^^^^^^^^^^^^^^^^^^^^^^
  File "/usr/lib/python3.12/asyncio/base_events.py", line 687, in run_until_complete
    return future.result()
           ^^^^^^^^^^^^^^^
  File "/home/khouloud/Documents/all personnel  projects/Real-Time-Face-Swap-project/backend/venv/lib/python3.12/site-packages/uvicorn/server.py", line 79, in serve
    await self.startup(sockets=sockets)
  File "/home/khouloud/Documents/all personnel  projects/Real-Time-Face-Swap-project/backend/venv/lib/python3.12/site-packages/uvicorn/server.py", line 129, in startup
    server = await loop.create_server(
             ^^^^^^^^^^^^^^^^^^^^^^^^^
  File "/usr/lib/python3.12/asyncio/base_events.py", line 1597, in create_server
    server._start_serving()
  File "/usr/lib/python3.12/asyncio/base_events.py", line 317, in _start_serving
    sock.listen(self._backlog)
OSError: [Errno 98] Address already in use

During handling of the above exception, another exception occurred:

Traceback (most recent call last):
  File "/home/khouloud/Documents/all personnel  projects/Real-Time-Face-Swap-project/backend/venv/lib/python3.12/site-packages/starlette/routing.py", line 714, in lifespan
    await receive()
  File "/home/khouloud/Documents/all personnel  projects/Real-Time-Face-Swap-project/backend/venv/lib/python3.12/site-packages/uvicorn/lifespan/on.py", line 137, in receive
    return await self.receive_queue.get()
           ^^^^^^^^^^^^^^^^^^^^^^^^^^^^^^
  File "/usr/lib/python3.12/asyncio/queues.py", line 158, in get
    await getter
asyncio.exceptions.CancelledError

Process SpawnProcess-3:
Traceback (most recent call last):
  File "/usr/lib/python3.12/multiprocessing/process.py", line 314, in _bootstrap
    self.run()
  File "/usr/lib/python3.12/multiprocessing/process.py", line 108, in run
    self._target(*self._args, **self._kwargs)
  File "/home/khouloud/Documents/all personnel  projects/Real-Time-Face-Swap-project/backend/venv/lib/python3.12/site-packages/uvicorn/_subprocess.py", line 78, in subprocess_started
    target(sockets=sockets)
  File "/home/khouloud/Documents/all personnel  projects/Real-Time-Face-Swap-project/backend/venv/lib/python3.12/site-packages/uvicorn/server.py", line 62, in run
    return asyncio.run(self.serve(sockets=sockets))
           ^^^^^^^^^^^^^^^^^^^^^^^^^^^^^^^^^^^^^^^^
  File "/usr/lib/python3.12/asyncio/runners.py", line 194, in run
    return runner.run(main)
           ^^^^^^^^^^^^^^^^
  File "/usr/lib/python3.12/asyncio/runners.py", line 118, in run
    return self._loop.run_until_complete(task)
           ^^^^^^^^^^^^^^^^^^^^^^^^^^^^^^^^^^^
  File "/usr/lib/python3.12/asyncio/base_events.py", line 687, in run_until_complete
    return future.result()
           ^^^^^^^^^^^^^^^
  File "/home/khouloud/Documents/all personnel  projects/Real-Time-Face-Swap-project/backend/venv/lib/python3.12/site-packages/uvicorn/server.py", line 79, in serve
    await self.startup(sockets=sockets)
  File "/home/khouloud/Documents/all personnel  projects/Real-Time-Face-Swap-project/backend/venv/lib/python3.12/site-packages/uvicorn/server.py", line 129, in startup
    server = await loop.create_server(
             ^^^^^^^^^^^^^^^^^^^^^^^^^
  File "/usr/lib/python3.12/asyncio/base_events.py", line 1597, in create_server
    server._start_serving()
  File "/usr/lib/python3.12/asyncio/base_events.py", line 317, in _start_serving
    sock.listen(self._backlog)
OSError: [Errno 98] Address already in use
Applied providers: ['CPUExecutionProvider'], with options: {'CPUExecutionProvider': {}}
model ignore: /home/khouloud/.insightface/models/buffalo_l/1k3d68.onnx landmark_3d_68
Applied providers: ['CPUExecutionProvider'], with options: {'CPUExecutionProvider': {}}
find model: /home/khouloud/.insightface/models/buffalo_l/2d106det.onnx landmark_2d_106 ['None', 3, 192, 192] 0.0 1.0
Applied providers: ['CPUExecutionProvider'], with options: {'CPUExecutionProvider': {}}
find model: /home/khouloud/.insightface/models/buffalo_l/det_10g.onnx detection [1, 3, '?', '?'] 127.5 128.0
Applied providers: ['CPUExecutionProvider'], with options: {'CPUExecutionProvider': {}}
model ignore: /home/khouloud/.insightface/models/buffalo_l/genderage.onnx genderage
Applied providers: ['CPUExecutionProvider'], with options: {'CPUExecutionProvider': {}}
model ignore: /home/khouloud/.insightface/models/buffalo_l/w600k_r50.onnx recognition
set det-size: (640, 640)
✓ Face detection model loaded successfully
Error initializing face swapper model: Error parsing message with type 'onnx.ModelProto'
Face swapping features will be disabled
Applied providers: ['CPUExecutionProvider'], with options: {'CPUExecutionProvider': {}}
model ignore: /home/khouloud/.insightface/models/buffalo_l/1k3d68.onnx landmark_3d_68
Applied providers: ['CPUExecutionProvider'], with options: {'CPUExecutionProvider': {}}
find model: /home/khouloud/.insightface/models/buffalo_l/2d106det.onnx landmark_2d_106 ['None', 3, 192, 192] 0.0 1.0
Applied providers: ['CPUExecutionProvider'], with options: {'CPUExecutionProvider': {}}
find model: /home/khouloud/.insightface/models/buffalo_l/det_10g.onnx detection [1, 3, '?', '?'] 127.5 128.0
Applied providers: ['CPUExecutionProvider'], with options: {'CPUExecutionProvider': {}}
model ignore: /home/khouloud/.insightface/models/buffalo_l/genderage.onnx genderage
Applied providers: ['CPUExecutionProvider'], with options: {'CPUExecutionProvider': {}}
model ignore: /home/khouloud/.insightface/models/buffalo_l/w600k_r50.onnx recognition
set det-size: (640, 640)
✓ Face detection model loaded successfully
Error initializing face swapper model: Error parsing message with type 'onnx.ModelProto'
Face swapping features will be disabled
WARNING:  StatReload detected changes in 'app/models/users/__init__.py'. Reloading...
INFO:     Started server process [69427]
INFO:     Waiting for application startup.
INFO:     Application startup complete.
ERROR:    Traceback (most recent call last):
  File "/usr/lib/python3.12/asyncio/runners.py", line 194, in run
    return runner.run(main)
           ^^^^^^^^^^^^^^^^
  File "/usr/lib/python3.12/asyncio/runners.py", line 118, in run
    return self._loop.run_until_complete(task)
           ^^^^^^^^^^^^^^^^^^^^^^^^^^^^^^^^^^^
  File "/usr/lib/python3.12/asyncio/base_events.py", line 687, in run_until_complete
    return future.result()
           ^^^^^^^^^^^^^^^
  File "/home/khouloud/Documents/all personnel  projects/Real-Time-Face-Swap-project/backend/venv/lib/python3.12/site-packages/uvicorn/server.py", line 79, in serve
    await self.startup(sockets=sockets)
  File "/home/khouloud/Documents/all personnel  projects/Real-Time-Face-Swap-project/backend/venv/lib/python3.12/site-packages/uvicorn/server.py", line 129, in startup
    server = await loop.create_server(
             ^^^^^^^^^^^^^^^^^^^^^^^^^
  File "/usr/lib/python3.12/asyncio/base_events.py", line 1597, in create_server
    server._start_serving()
  File "/usr/lib/python3.12/asyncio/base_events.py", line 317, in _start_serving
    sock.listen(self._backlog)
OSError: [Errno 98] Address already in use

During handling of the above exception, another exception occurred:

Traceback (most recent call last):
  File "/home/khouloud/Documents/all personnel  projects/Real-Time-Face-Swap-project/backend/venv/lib/python3.12/site-packages/starlette/routing.py", line 714, in lifespan
    await receive()
  File "/home/khouloud/Documents/all personnel  projects/Real-Time-Face-Swap-project/backend/venv/lib/python3.12/site-packages/uvicorn/lifespan/on.py", line 137, in receive
    return await self.receive_queue.get()
           ^^^^^^^^^^^^^^^^^^^^^^^^^^^^^^
  File "/usr/lib/python3.12/asyncio/queues.py", line 158, in get
    await getter
asyncio.exceptions.CancelledError

Process SpawnProcess-4:
Traceback (most recent call last):
  File "/usr/lib/python3.12/multiprocessing/process.py", line 314, in _bootstrap
    self.run()
  File "/usr/lib/python3.12/multiprocessing/process.py", line 108, in run
    self._target(*self._args, **self._kwargs)
  File "/home/khouloud/Documents/all personnel  projects/Real-Time-Face-Swap-project/backend/venv/lib/python3.12/site-packages/uvicorn/_subprocess.py", line 78, in subprocess_started
    target(sockets=sockets)
  File "/home/khouloud/Documents/all personnel  projects/Real-Time-Face-Swap-project/backend/venv/lib/python3.12/site-packages/uvicorn/server.py", line 62, in run
    return asyncio.run(self.serve(sockets=sockets))
           ^^^^^^^^^^^^^^^^^^^^^^^^^^^^^^^^^^^^^^^^
  File "/usr/lib/python3.12/asyncio/runners.py", line 194, in run
    return runner.run(main)
           ^^^^^^^^^^^^^^^^
  File "/usr/lib/python3.12/asyncio/runners.py", line 118, in run
    return self._loop.run_until_complete(task)
           ^^^^^^^^^^^^^^^^^^^^^^^^^^^^^^^^^^^
  File "/usr/lib/python3.12/asyncio/base_events.py", line 687, in run_until_complete
    return future.result()
           ^^^^^^^^^^^^^^^
  File "/home/khouloud/Documents/all personnel  projects/Real-Time-Face-Swap-project/backend/venv/lib/python3.12/site-packages/uvicorn/server.py", line 79, in serve
    await self.startup(sockets=sockets)
  File "/home/khouloud/Documents/all personnel  projects/Real-Time-Face-Swap-project/backend/venv/lib/python3.12/site-packages/uvicorn/server.py", line 129, in startup
    server = await loop.create_server(
             ^^^^^^^^^^^^^^^^^^^^^^^^^
  File "/usr/lib/python3.12/asyncio/base_events.py", line 1597, in create_server
    server._start_serving()
  File "/usr/lib/python3.12/asyncio/base_events.py", line 317, in _start_serving
    sock.listen(self._backlog)
OSError: [Errno 98] Address already in use
Applied providers: ['CPUExecutionProvider'], with options: {'CPUExecutionProvider': {}}
model ignore: /home/khouloud/.insightface/models/buffalo_l/1k3d68.onnx landmark_3d_68
Applied providers: ['CPUExecutionProvider'], with options: {'CPUExecutionProvider': {}}
find model: /home/khouloud/.insightface/models/buffalo_l/2d106det.onnx landmark_2d_106 ['None', 3, 192, 192] 0.0 1.0
Applied providers: ['CPUExecutionProvider'], with options: {'CPUExecutionProvider': {}}
find model: /home/khouloud/.insightface/models/buffalo_l/det_10g.onnx detection [1, 3, '?', '?'] 127.5 128.0
Applied providers: ['CPUExecutionProvider'], with options: {'CPUExecutionProvider': {}}
model ignore: /home/khouloud/.insightface/models/buffalo_l/genderage.onnx genderage
Applied providers: ['CPUExecutionProvider'], with options: {'CPUExecutionProvider': {}}
model ignore: /home/khouloud/.insightface/models/buffalo_l/w600k_r50.onnx recognition
set det-size: (640, 640)
✓ Face detection model loaded successfully
Error initializing face swapper model: Error parsing message with type 'onnx.ModelProto'
Face swapping features will be disabled
Applied providers: ['CPUExecutionProvider'], with options: {'CPUExecutionProvider': {}}
model ignore: /home/khouloud/.insightface/models/buffalo_l/1k3d68.onnx landmark_3d_68
Applied providers: ['CPUExecutionProvider'], with options: {'CPUExecutionProvider': {}}
find model: /home/khouloud/.insightface/models/buffalo_l/2d106det.onnx landmark_2d_106 ['None', 3, 192, 192] 0.0 1.0
Applied providers: ['CPUExecutionProvider'], with options: {'CPUExecutionProvider': {}}
find model: /home/khouloud/.insightface/models/buffalo_l/det_10g.onnx detection [1, 3, '?', '?'] 127.5 128.0
Applied providers: ['CPUExecutionProvider'], with options: {'CPUExecutionProvider': {}}
model ignore: /home/khouloud/.insightface/models/buffalo_l/genderage.onnx genderage
Applied providers: ['CPUExecutionProvider'], with options: {'CPUExecutionProvider': {}}
model ignore: /home/khouloud/.insightface/models/buffalo_l/w600k_r50.onnx recognition
set det-size: (640, 640)
✓ Face detection model loaded successfully
Error initializing face swapper model: Error parsing message with type 'onnx.ModelProto'
Face swapping features will be disabled
